2021-09-01 09:22:16,412 INFO Set uid to user 0 succeeded
2021-09-01 09:22:16,426 INFO supervisord started with pid 16
2021-09-01 09:22:17,431 INFO spawned: 'laravel-queue' with pid 18
2021-09-01 09:22:17,434 INFO spawned: 'laravel-websockets' with pid 19
2021-09-01 09:22:17,436 INFO spawned: 'php' with pid 20
2021-09-01 09:22:18,439 INFO success: laravel-queue entered RUNNING state, process has stayed up for > than 1 seconds (startsecs)
2021-09-01 09:22:18,441 INFO success: laravel-websockets entered RUNNING state, process has stayed up for > than 1 seconds (startsecs)
2021-09-01 09:22:18,442 INFO success: php entered RUNNING state, process has stayed up for > than 1 seconds (startsecs)
2021-09-01 09:22:21,743 INFO exited: laravel-websockets (exit status 1; not expected)
2021-09-01 09:22:22,773 INFO spawned: 'laravel-websockets' with pid 40
2021-09-01 09:22:23,780 INFO success: laravel-websockets entered RUNNING state, process has stayed up for > than 1 seconds (startsecs)
2021-09-01 09:22:26,560 INFO exited: laravel-websockets (exit status 1; not expected)
2021-09-01 09:22:27,570 INFO spawned: 'laravel-websockets' with pid 47
2021-09-01 09:22:28,572 INFO success: laravel-websockets entered RUNNING state, process has stayed up for > than 1 seconds (startsecs)
2021-09-01 09:22:30,624 INFO exited: laravel-websockets (exit status 1; not expected)
2021-09-01 09:22:31,630 INFO spawned: 'laravel-websockets' with pid 54
2021-09-01 09:22:32,633 INFO success: laravel-websockets entered RUNNING state, process has stayed up for > than 1 seconds (startsecs)
2021-09-01 09:22:33,893 INFO exited: laravel-websockets (exit status 1; not expected)
2021-09-01 09:22:34,902 INFO spawned: 'laravel-websockets' with pid 61
2021-09-01 09:22:35,909 INFO success: laravel-websockets entered RUNNING state, process has stayed up for > than 1 seconds (startsecs)
2021-09-01 09:22:37,218 INFO exited: laravel-websockets (exit status 1; not expected)
2021-09-01 09:22:38,230 INFO spawned: 'laravel-websockets' with pid 68
2021-09-01 09:22:39,915 INFO success: laravel-websockets entered RUNNING state, process has stayed up for > than 1 seconds (startsecs)
2021-09-01 09:22:39,923 INFO exited: laravel-websockets (exit status 1; not expected)
2021-09-01 09:22:40,931 INFO spawned: 'laravel-websockets' with pid 75
2021-09-01 09:22:41,942 INFO success: laravel-websockets entered RUNNING state, process has stayed up for > than 1 seconds (startsecs)
2021-09-01 09:22:43,127 INFO exited: laravel-websockets (exit status 1; not expected)
2021-09-01 09:22:44,135 INFO spawned: 'laravel-websockets' with pid 82
2021-09-01 09:22:46,039 INFO success: laravel-websockets entered RUNNING state, process has stayed up for > than 1 seconds (startsecs)
2021-09-01 09:22:46,041 INFO exited: laravel-websockets (exit status 1; not expected)
2021-09-01 09:22:47,047 INFO spawned: 'laravel-websockets' with pid 89
2021-09-01 09:22:48,734 INFO success: laravel-websockets entered RUNNING state, process has stayed up for > than 1 seconds (startsecs)
2021-09-01 09:22:48,737 INFO exited: laravel-websockets (exit status 1; not expected)
2021-09-01 09:22:49,746 INFO spawned: 'laravel-websockets' with pid 96
2021-09-01 09:22:51,425 INFO success: laravel-websockets entered RUNNING state, process has stayed up for > than 1 seconds (startsecs)
2021-09-01 09:22:51,431 INFO exited: laravel-websockets (exit status 1; not expected)
2021-09-01 09:23:04,966 INFO Set uid to user 0 succeeded
2021-09-01 09:23:04,972 INFO supervisord started with pid 16
2021-09-01 09:23:05,976 INFO spawned: 'laravel-queue' with pid 18
2021-09-01 09:23:05,981 INFO spawned: 'laravel-websockets' with pid 19
2021-09-01 09:23:05,987 INFO spawned: 'php' with pid 20
2021-09-01 09:23:06,991 INFO success: laravel-queue entered RUNNING state, process has stayed up for > than 1 seconds (startsecs)
2021-09-01 09:23:06,992 INFO success: laravel-websockets entered RUNNING state, process has stayed up for > than 1 seconds (startsecs)
2021-09-01 09:23:06,993 INFO success: php entered RUNNING state, process has stayed up for > than 1 seconds (startsecs)
2021-09-01 09:23:10,405 INFO exited: laravel-websockets (exit status 1; not expected)
2021-09-01 09:23:11,411 INFO spawned: 'laravel-websockets' with pid 40
2021-09-01 09:23:12,420 INFO success: laravel-websockets entered RUNNING state, process has stayed up for > than 1 seconds (startsecs)
2021-09-01 09:23:14,495 INFO exited: laravel-websockets (exit status 1; not expected)
2021-09-01 09:23:15,505 INFO spawned: 'laravel-websockets' with pid 47
2021-09-01 09:23:17,321 INFO success: laravel-websockets entered RUNNING state, process has stayed up for > than 1 seconds (startsecs)
2021-09-01 09:23:17,327 INFO exited: laravel-websockets (exit status 1; not expected)
2021-09-01 09:23:18,334 INFO spawned: 'laravel-websockets' with pid 54
2021-09-01 09:28:55,769 INFO Set uid to user 0 succeeded
2021-09-01 09:28:55,777 INFO supervisord started with pid 17
2021-09-01 09:28:56,781 INFO spawned: 'laravel-queue' with pid 19
2021-09-01 09:28:56,786 INFO spawned: 'laravel-websockets' with pid 20
2021-09-01 09:28:56,791 INFO spawned: 'php' with pid 21
2021-09-01 09:28:57,795 INFO success: laravel-queue entered RUNNING state, process has stayed up for > than 1 seconds (startsecs)
2021-09-01 09:28:57,796 INFO success: laravel-websockets entered RUNNING state, process has stayed up for > than 1 seconds (startsecs)
2021-09-01 09:28:57,796 INFO success: php entered RUNNING state, process has stayed up for > than 1 seconds (startsecs)
2021-09-01 09:29:00,950 INFO exited: laravel-websockets (exit status 1; not expected)
2021-09-01 09:29:01,958 INFO spawned: 'laravel-websockets' with pid 41
2021-09-01 09:29:02,961 INFO success: laravel-websockets entered RUNNING state, process has stayed up for > than 1 seconds (startsecs)
2021-09-01 09:29:04,382 INFO exited: laravel-websockets (exit status 1; not expected)
2021-09-01 09:29:05,387 INFO spawned: 'laravel-websockets' with pid 48
2021-09-01 09:29:07,114 INFO success: laravel-websockets entered RUNNING state, process has stayed up for > than 1 seconds (startsecs)
2021-09-01 09:29:07,117 INFO exited: laravel-websockets (exit status 1; not expected)
2021-09-01 09:29:08,127 INFO spawned: 'laravel-websockets' with pid 55
2021-09-01 09:29:09,817 INFO success: laravel-websockets entered RUNNING state, process has stayed up for > than 1 seconds (startsecs)
2021-09-01 09:29:09,822 INFO exited: laravel-websockets (exit status 1; not expected)
2021-09-01 09:29:10,830 INFO spawned: 'laravel-websockets' with pid 62
2021-09-01 09:29:12,530 INFO success: laravel-websockets entered RUNNING state, process has stayed up for > than 1 seconds (startsecs)
2021-09-01 09:29:12,534 INFO exited: laravel-websockets (exit status 1; not expected)
2021-09-01 09:29:13,549 INFO spawned: 'laravel-websockets' with pid 69
2021-09-01 09:29:14,579 INFO success: laravel-websockets entered RUNNING state, process has stayed up for > than 1 seconds (startsecs)
2021-09-01 09:29:16,037 INFO exited: laravel-websockets (exit status 1; not expected)
2021-09-01 09:29:17,045 INFO spawned: 'laravel-websockets' with pid 76
2021-09-01 09:29:18,749 INFO success: laravel-websockets entered RUNNING state, process has stayed up for > than 1 seconds (startsecs)
2021-09-01 09:29:18,760 INFO exited: laravel-websockets (exit status 1; not expected)
2021-09-01 09:29:19,768 INFO spawned: 'laravel-websockets' with pid 83
2021-09-01 09:29:21,456 INFO success: laravel-websockets entered RUNNING state, process has stayed up for > than 1 seconds (startsecs)
2021-09-01 09:29:21,459 INFO exited: laravel-websockets (exit status 1; not expected)
2021-09-01 09:29:22,470 INFO spawned: 'laravel-websockets' with pid 90
2021-09-01 09:29:24,201 INFO success: laravel-websockets entered RUNNING state, process has stayed up for > than 1 seconds (startsecs)
2021-09-01 09:29:24,204 INFO exited: laravel-websockets (exit status 1; not expected)
2021-09-01 09:29:25,214 INFO spawned: 'laravel-websockets' with pid 97
2021-09-01 09:29:26,901 INFO success: laravel-websockets entered RUNNING state, process has stayed up for > than 1 seconds (startsecs)
2021-09-01 09:29:26,907 INFO exited: laravel-websockets (exit status 1; not expected)
2021-09-01 09:29:27,917 INFO spawned: 'laravel-websockets' with pid 104
2021-09-01 09:29:29,616 INFO success: laravel-websockets entered RUNNING state, process has stayed up for > than 1 seconds (startsecs)
2021-09-01 09:29:29,618 INFO exited: laravel-websockets (exit status 1; not expected)
2021-09-01 09:29:30,624 INFO spawned: 'laravel-websockets' with pid 111
2021-09-01 09:29:32,336 INFO success: laravel-websockets entered RUNNING state, process has stayed up for > than 1 seconds (startsecs)
2021-09-01 09:29:32,341 INFO exited: laravel-websockets (exit status 1; not expected)
2021-09-01 09:29:33,352 INFO spawned: 'laravel-websockets' with pid 118
2021-09-01 09:29:35,048 INFO success: laravel-websockets entered RUNNING state, process has stayed up for > than 1 seconds (startsecs)
2021-09-01 09:29:35,051 INFO exited: laravel-websockets (exit status 1; not expected)
2021-09-01 09:29:36,060 INFO spawned: 'laravel-websockets' with pid 125
2021-09-01 09:29:37,770 INFO success: laravel-websockets entered RUNNING state, process has stayed up for > than 1 seconds (startsecs)
2021-09-01 09:29:37,774 INFO exited: laravel-websockets (exit status 1; not expected)
2021-09-01 09:29:38,780 INFO spawned: 'laravel-websockets' with pid 132
2021-09-01 09:29:40,487 INFO success: laravel-websockets entered RUNNING state, process has stayed up for > than 1 seconds (startsecs)
2021-09-01 09:29:40,490 INFO exited: laravel-websockets (exit status 1; not expected)
2021-09-01 09:29:41,497 INFO spawned: 'laravel-websockets' with pid 139
2021-09-01 09:29:43,188 INFO success: laravel-websockets entered RUNNING state, process has stayed up for > than 1 seconds (startsecs)
2021-09-01 09:29:43,191 INFO exited: laravel-websockets (exit status 1; not expected)
2021-09-01 09:29:44,200 INFO spawned: 'laravel-websockets' with pid 146
2021-09-01 09:29:45,876 INFO success: laravel-websockets entered RUNNING state, process has stayed up for > than 1 seconds (startsecs)
2021-09-01 09:29:45,879 INFO exited: laravel-websockets (exit status 1; not expected)
2021-09-01 09:29:46,888 INFO spawned: 'laravel-websockets' with pid 153
2021-09-01 09:29:48,591 INFO success: laravel-websockets entered RUNNING state, process has stayed up for > than 1 seconds (startsecs)
2021-09-01 09:29:48,594 INFO exited: laravel-websockets (exit status 1; not expected)
2021-09-01 09:29:49,607 INFO spawned: 'laravel-websockets' with pid 160
2021-09-01 09:29:51,339 INFO success: laravel-websockets entered RUNNING state, process has stayed up for > than 1 seconds (startsecs)
2021-09-01 09:29:51,342 INFO exited: laravel-websockets (exit status 1; not expected)
2021-09-01 09:29:52,352 INFO spawned: 'laravel-websockets' with pid 167
2021-09-01 09:29:54,044 INFO success: laravel-websockets entered RUNNING state, process has stayed up for > than 1 seconds (startsecs)
2021-09-01 09:29:54,047 INFO exited: laravel-websockets (exit status 1; not expected)
2021-09-01 09:29:55,056 INFO spawned: 'laravel-websockets' with pid 174
2021-09-01 09:29:56,746 INFO success: laravel-websockets entered RUNNING state, process has stayed up for > than 1 seconds (startsecs)
2021-09-01 09:29:56,750 INFO exited: laravel-websockets (exit status 1; not expected)
2021-09-01 09:29:57,765 INFO spawned: 'laravel-websockets' with pid 181
2021-09-01 09:29:59,486 INFO success: laravel-websockets entered RUNNING state, process has stayed up for > than 1 seconds (startsecs)
2021-09-01 09:29:59,489 INFO exited: laravel-websockets (exit status 1; not expected)
2021-09-01 09:30:00,495 INFO spawned: 'laravel-websockets' with pid 188
2021-09-01 09:30:02,261 INFO success: laravel-websockets entered RUNNING state, process has stayed up for > than 1 seconds (startsecs)
2021-09-01 09:30:02,264 INFO exited: laravel-websockets (exit status 1; not expected)
2021-09-01 09:30:03,277 INFO spawned: 'laravel-websockets' with pid 195
2021-09-01 09:30:04,976 INFO success: laravel-websockets entered RUNNING state, process has stayed up for > than 1 seconds (startsecs)
2021-09-01 09:30:04,980 INFO exited: laravel-websockets (exit status 1; not expected)
2021-09-01 09:30:05,995 INFO spawned: 'laravel-websockets' with pid 202
2021-09-01 09:30:07,654 INFO success: laravel-websockets entered RUNNING state, process has stayed up for > than 1 seconds (startsecs)
2021-09-01 09:30:07,657 INFO exited: laravel-websockets (exit status 1; not expected)
2021-09-01 09:30:08,669 INFO spawned: 'laravel-websockets' with pid 209
2021-09-01 09:30:10,373 INFO success: laravel-websockets entered RUNNING state, process has stayed up for > than 1 seconds (startsecs)
2021-09-01 09:30:10,377 INFO exited: laravel-websockets (exit status 1; not expected)
2021-09-01 09:30:11,384 INFO spawned: 'laravel-websockets' with pid 216
2021-09-01 09:30:13,067 INFO success: laravel-websockets entered RUNNING state, process has stayed up for > than 1 seconds (startsecs)
2021-09-01 09:30:13,076 INFO exited: laravel-websockets (exit status 1; not expected)
2021-09-01 09:30:14,084 INFO spawned: 'laravel-websockets' with pid 223
2021-09-01 09:30:15,792 INFO success: laravel-websockets entered RUNNING state, process has stayed up for > than 1 seconds (startsecs)
2021-09-01 09:30:15,796 INFO exited: laravel-websockets (exit status 1; not expected)
2021-09-01 09:30:16,804 INFO spawned: 'laravel-websockets' with pid 230
2021-09-01 09:30:18,483 INFO success: laravel-websockets entered RUNNING state, process has stayed up for > than 1 seconds (startsecs)
2021-09-01 09:30:18,486 INFO exited: laravel-websockets (exit status 1; not expected)
2021-09-01 09:30:19,498 INFO spawned: 'laravel-websockets' with pid 237
2021-09-01 09:30:21,214 INFO success: laravel-websockets entered RUNNING state, process has stayed up for > than 1 seconds (startsecs)
2021-09-01 09:30:21,218 INFO exited: laravel-websockets (exit status 1; not expected)
2021-09-01 09:30:22,231 INFO spawned: 'laravel-websockets' with pid 244
2021-09-01 09:30:23,928 INFO success: laravel-websockets entered RUNNING state, process has stayed up for > than 1 seconds (startsecs)
2021-09-01 09:30:23,931 INFO exited: laravel-websockets (exit status 1; not expected)
2021-09-01 09:30:24,939 INFO spawned: 'laravel-websockets' with pid 251
2021-09-01 09:30:26,613 INFO success: laravel-websockets entered RUNNING state, process has stayed up for > than 1 seconds (startsecs)
2021-09-01 09:30:26,615 INFO exited: laravel-websockets (exit status 1; not expected)
2021-09-01 09:30:27,625 INFO spawned: 'laravel-websockets' with pid 258
2021-09-01 09:30:29,321 INFO success: laravel-websockets entered RUNNING state, process has stayed up for > than 1 seconds (startsecs)
2021-09-01 09:30:29,323 INFO exited: laravel-websockets (exit status 1; not expected)
2021-09-01 09:30:30,331 INFO spawned: 'laravel-websockets' with pid 265
2021-09-01 09:30:32,064 INFO success: laravel-websockets entered RUNNING state, process has stayed up for > than 1 seconds (startsecs)
2021-09-01 09:30:32,068 INFO exited: laravel-websockets (exit status 1; not expected)
2021-09-01 09:30:33,076 INFO spawned: 'laravel-websockets' with pid 272
2021-09-01 09:30:34,783 INFO success: laravel-websockets entered RUNNING state, process has stayed up for > than 1 seconds (startsecs)
2021-09-01 09:30:34,786 INFO exited: laravel-websockets (exit status 1; not expected)
2021-09-01 09:30:35,796 INFO spawned: 'laravel-websockets' with pid 279
2021-09-01 09:30:37,497 INFO success: laravel-websockets entered RUNNING state, process has stayed up for > than 1 seconds (startsecs)
2021-09-01 09:30:37,502 INFO exited: laravel-websockets (exit status 1; not expected)
2021-09-01 09:30:38,513 INFO spawned: 'laravel-websockets' with pid 286
2021-09-01 09:30:40,206 INFO success: laravel-websockets entered RUNNING state, process has stayed up for > than 1 seconds (startsecs)
2021-09-01 09:30:40,210 INFO exited: laravel-websockets (exit status 1; not expected)
2021-09-01 09:30:41,216 INFO spawned: 'laravel-websockets' with pid 293
2021-09-01 09:30:42,906 INFO success: laravel-websockets entered RUNNING state, process has stayed up for > than 1 seconds (startsecs)
2021-09-01 09:30:42,910 INFO exited: laravel-websockets (exit status 1; not expected)
2021-09-01 09:30:43,921 INFO spawned: 'laravel-websockets' with pid 300
2021-09-01 09:30:45,616 INFO success: laravel-websockets entered RUNNING state, process has stayed up for > than 1 seconds (startsecs)
2021-09-01 09:30:45,619 INFO exited: laravel-websockets (exit status 1; not expected)
2021-09-01 09:30:46,625 INFO spawned: 'laravel-websockets' with pid 307
2021-09-01 09:30:48,340 INFO success: laravel-websockets entered RUNNING state, process has stayed up for > than 1 seconds (startsecs)
2021-09-01 09:30:48,343 INFO exited: laravel-websockets (exit status 1; not expected)
2021-09-01 09:30:49,351 INFO spawned: 'laravel-websockets' with pid 314
2021-09-01 09:30:51,072 INFO success: laravel-websockets entered RUNNING state, process has stayed up for > than 1 seconds (startsecs)
2021-09-01 09:30:51,075 INFO exited: laravel-websockets (exit status 1; not expected)
2021-09-01 09:30:52,084 INFO spawned: 'laravel-websockets' with pid 321
2021-09-01 09:30:53,953 INFO success: laravel-websockets entered RUNNING state, process has stayed up for > than 1 seconds (startsecs)
2021-09-01 09:30:53,956 INFO exited: laravel-websockets (exit status 1; not expected)
2021-09-01 09:30:54,962 INFO spawned: 'laravel-websockets' with pid 328
2021-09-01 09:30:56,810 INFO success: laravel-websockets entered RUNNING state, process has stayed up for > than 1 seconds (startsecs)
2021-09-01 09:30:56,813 INFO exited: laravel-websockets (exit status 1; not expected)
2021-09-01 09:30:57,819 INFO spawned: 'laravel-websockets' with pid 335
2021-09-01 09:30:59,532 INFO success: laravel-websockets entered RUNNING state, process has stayed up for > than 1 seconds (startsecs)
2021-09-01 09:30:59,534 INFO exited: laravel-websockets (exit status 1; not expected)
2021-09-01 09:31:00,543 INFO spawned: 'laravel-websockets' with pid 342
2021-09-01 09:31:02,279 INFO success: laravel-websockets entered RUNNING state, process has stayed up for > than 1 seconds (startsecs)
2021-09-01 09:31:02,284 INFO exited: laravel-websockets (exit status 1; not expected)
2021-09-01 09:31:03,295 INFO spawned: 'laravel-websockets' with pid 349
2021-09-01 09:31:05,010 INFO success: laravel-websockets entered RUNNING state, process has stayed up for > than 1 seconds (startsecs)
2021-09-01 09:31:05,013 INFO exited: laravel-websockets (exit status 1; not expected)
2021-09-01 09:31:06,023 INFO spawned: 'laravel-websockets' with pid 356
2021-09-01 09:33:46,422 INFO Set uid to user 0 succeeded
2021-09-01 09:33:46,430 INFO supervisord started with pid 17
2021-09-01 09:33:47,435 INFO spawned: 'laravel-queue' with pid 19
2021-09-01 09:33:47,442 INFO spawned: 'laravel-websockets' with pid 20
2021-09-01 09:33:47,451 INFO spawned: 'php' with pid 21
2021-09-01 09:33:48,457 INFO success: laravel-queue entered RUNNING state, process has stayed up for > than 1 seconds (startsecs)
2021-09-01 09:33:48,458 INFO success: laravel-websockets entered RUNNING state, process has stayed up for > than 1 seconds (startsecs)
2021-09-01 09:33:48,459 INFO success: php entered RUNNING state, process has stayed up for > than 1 seconds (startsecs)
2021-09-01 09:33:50,437 INFO exited: laravel-websockets (exit status 1; not expected)
2021-09-01 09:33:51,440 INFO spawned: 'laravel-websockets' with pid 41
2021-09-01 09:33:52,442 INFO success: laravel-websockets entered RUNNING state, process has stayed up for > than 1 seconds (startsecs)
2021-09-01 09:33:53,528 INFO exited: laravel-websockets (exit status 1; not expected)
2021-09-01 09:33:54,540 INFO spawned: 'laravel-websockets' with pid 48
2021-09-01 09:33:56,232 INFO success: laravel-websockets entered RUNNING state, process has stayed up for > than 1 seconds (startsecs)
2021-09-01 09:33:56,236 INFO exited: laravel-websockets (exit status 1; not expected)
2021-09-01 09:33:57,248 INFO spawned: 'laravel-websockets' with pid 55
2021-09-01 09:33:58,940 INFO success: laravel-websockets entered RUNNING state, process has stayed up for > than 1 seconds (startsecs)
2021-09-01 09:33:58,949 INFO exited: laravel-websockets (exit status 1; not expected)
2021-09-01 09:33:59,959 INFO spawned: 'laravel-websockets' with pid 62
2021-09-01 09:34:01,652 INFO success: laravel-websockets entered RUNNING state, process has stayed up for > than 1 seconds (startsecs)
2021-09-01 09:34:01,653 INFO exited: laravel-websockets (exit status 1; not expected)
2021-09-01 09:34:02,662 INFO spawned: 'laravel-websockets' with pid 69
2021-09-01 09:34:04,360 INFO success: laravel-websockets entered RUNNING state, process has stayed up for > than 1 seconds (startsecs)
2021-09-01 09:34:04,363 INFO exited: laravel-websockets (exit status 1; not expected)
2021-09-01 09:34:05,373 INFO spawned: 'laravel-websockets' with pid 76
2021-09-01 09:34:07,114 INFO success: laravel-websockets entered RUNNING state, process has stayed up for > than 1 seconds (startsecs)
2021-09-01 09:34:07,116 INFO exited: laravel-websockets (exit status 1; not expected)
2021-09-01 09:34:08,127 INFO spawned: 'laravel-websockets' with pid 83
2021-09-01 09:34:09,934 INFO success: laravel-websockets entered RUNNING state, process has stayed up for > than 1 seconds (startsecs)
2021-09-01 09:34:09,936 INFO exited: laravel-websockets (exit status 1; not expected)
2021-09-01 09:34:10,945 INFO spawned: 'laravel-websockets' with pid 90
2021-09-01 09:34:12,824 INFO success: laravel-websockets entered RUNNING state, process has stayed up for > than 1 seconds (startsecs)
2021-09-01 09:34:12,828 INFO exited: laravel-websockets (exit status 1; not expected)
2021-09-01 09:34:13,830 INFO spawned: 'laravel-websockets' with pid 107
2021-09-01 09:34:15,569 INFO success: laravel-websockets entered RUNNING state, process has stayed up for > than 1 seconds (startsecs)
2021-09-01 09:34:15,570 INFO exited: laravel-websockets (exit status 1; not expected)
2021-09-01 09:34:16,576 INFO spawned: 'laravel-websockets' with pid 114
2021-09-01 09:34:18,306 INFO success: laravel-websockets entered RUNNING state, process has stayed up for > than 1 seconds (startsecs)
2021-09-01 09:34:18,309 INFO exited: laravel-websockets (exit status 1; not expected)
2021-09-01 09:34:19,319 INFO spawned: 'laravel-websockets' with pid 121
2021-09-01 09:34:21,032 INFO success: laravel-websockets entered RUNNING state, process has stayed up for > than 1 seconds (startsecs)
2021-09-01 09:34:21,036 INFO exited: laravel-websockets (exit status 1; not expected)
2021-09-01 09:34:22,042 INFO spawned: 'laravel-websockets' with pid 128
2021-09-01 09:34:23,931 INFO success: laravel-websockets entered RUNNING state, process has stayed up for > than 1 seconds (startsecs)
2021-09-01 09:34:23,932 INFO exited: laravel-websockets (exit status 1; not expected)
2021-09-01 09:34:24,935 INFO spawned: 'laravel-websockets' with pid 150
2021-09-01 09:34:26,709 INFO success: laravel-websockets entered RUNNING state, process has stayed up for > than 1 seconds (startsecs)
2021-09-01 09:34:26,711 INFO exited: laravel-websockets (exit status 1; not expected)
2021-09-01 09:34:27,714 INFO spawned: 'laravel-websockets' with pid 157
2021-09-01 09:34:29,433 INFO success: laravel-websockets entered RUNNING state, process has stayed up for > than 1 seconds (startsecs)
2021-09-01 09:34:29,436 INFO exited: laravel-websockets (exit status 1; not expected)
2021-09-01 09:34:30,440 INFO spawned: 'laravel-websockets' with pid 164
2021-09-01 09:34:32,152 INFO success: laravel-websockets entered RUNNING state, process has stayed up for > than 1 seconds (startsecs)
2021-09-01 09:34:32,153 INFO exited: laravel-websockets (exit status 1; not expected)
2021-09-01 09:34:33,157 INFO spawned: 'laravel-websockets' with pid 171
2021-09-01 09:34:34,159 INFO success: laravel-websockets entered RUNNING state, process has stayed up for > than 1 seconds (startsecs)
2021-09-01 09:34:35,209 INFO exited: laravel-websockets (exit status 1; not expected)
2021-09-01 09:34:36,213 INFO spawned: 'laravel-websockets' with pid 178
2021-09-01 09:34:37,981 INFO success: laravel-websockets entered RUNNING state, process has stayed up for > than 1 seconds (startsecs)
2021-09-01 09:34:37,984 INFO exited: laravel-websockets (exit status 1; not expected)
2021-09-01 09:34:38,991 INFO spawned: 'laravel-websockets' with pid 185
2021-09-01 09:34:40,677 INFO success: laravel-websockets entered RUNNING state, process has stayed up for > than 1 seconds (startsecs)
2021-09-01 09:34:40,678 INFO exited: laravel-websockets (exit status 1; not expected)
2021-09-01 09:34:41,688 INFO spawned: 'laravel-websockets' with pid 192
2021-09-01 09:34:43,376 INFO success: laravel-websockets entered RUNNING state, process has stayed up for > than 1 seconds (startsecs)
2021-09-01 09:34:43,379 INFO exited: laravel-websockets (exit status 1; not expected)
2021-09-01 09:34:44,386 INFO spawned: 'laravel-websockets' with pid 199
2021-09-01 09:34:46,063 INFO success: laravel-websockets entered RUNNING state, process has stayed up for > than 1 seconds (startsecs)
2021-09-01 09:34:46,066 INFO exited: laravel-websockets (exit status 1; not expected)
2021-09-01 09:34:47,075 INFO spawned: 'laravel-websockets' with pid 206
2021-09-01 09:34:48,911 INFO success: laravel-websockets entered RUNNING state, process has stayed up for > than 1 seconds (startsecs)
2021-09-01 09:34:48,913 INFO exited: laravel-websockets (exit status 1; not expected)
2021-09-01 09:34:49,959 INFO spawned: 'laravel-websockets' with pid 220
2021-09-01 09:34:50,987 INFO success: laravel-websockets entered RUNNING state, process has stayed up for > than 1 seconds (startsecs)
2021-09-01 09:34:52,304 INFO exited: laravel-websockets (exit status 1; not expected)
2021-09-01 09:34:53,316 INFO spawned: 'laravel-websockets' with pid 232
2021-09-01 09:34:55,040 INFO success: laravel-websockets entered RUNNING state, process has stayed up for > than 1 seconds (startsecs)
2021-09-01 09:34:55,045 INFO exited: laravel-websockets (exit status 1; not expected)
2021-09-01 09:34:56,053 INFO spawned: 'laravel-websockets' with pid 239
2021-09-01 09:34:57,791 INFO success: laravel-websockets entered RUNNING state, process has stayed up for > than 1 seconds (startsecs)
2021-09-01 09:34:57,794 INFO exited: laravel-websockets (exit status 1; not expected)
2021-09-01 09:34:58,806 INFO spawned: 'laravel-websockets' with pid 246
2021-09-01 09:35:00,534 INFO success: laravel-websockets entered RUNNING state, process has stayed up for > than 1 seconds (startsecs)
2021-09-01 09:35:00,536 INFO exited: laravel-websockets (exit status 1; not expected)
2021-09-01 09:35:01,546 INFO spawned: 'laravel-websockets' with pid 253
2021-09-01 09:35:03,310 INFO success: laravel-websockets entered RUNNING state, process has stayed up for > than 1 seconds (startsecs)
2021-09-01 09:35:03,314 INFO exited: laravel-websockets (exit status 1; not expected)
2021-09-01 09:35:04,326 INFO spawned: 'laravel-websockets' with pid 260
2021-09-01 09:35:06,032 INFO success: laravel-websockets entered RUNNING state, process has stayed up for > than 1 seconds (startsecs)
2021-09-01 09:35:06,035 INFO exited: laravel-websockets (exit status 1; not expected)
2021-09-01 09:35:07,045 INFO spawned: 'laravel-websockets' with pid 267
2021-09-01 09:35:08,746 INFO success: laravel-websockets entered RUNNING state, process has stayed up for > than 1 seconds (startsecs)
2021-09-01 09:35:08,749 INFO exited: laravel-websockets (exit status 1; not expected)
2021-09-01 09:35:09,755 INFO spawned: 'laravel-websockets' with pid 274
2021-09-01 09:35:11,488 INFO success: laravel-websockets entered RUNNING state, process has stayed up for > than 1 seconds (startsecs)
2021-09-01 09:35:11,493 INFO exited: laravel-websockets (exit status 1; not expected)
2021-09-01 09:35:12,500 INFO spawned: 'laravel-websockets' with pid 281
2021-09-01 09:35:14,410 INFO success: laravel-websockets entered RUNNING state, process has stayed up for > than 1 seconds (startsecs)
2021-09-01 09:35:14,411 INFO exited: laravel-websockets (exit status 1; not expected)
2021-09-01 09:35:15,413 INFO spawned: 'laravel-websockets' with pid 304
2021-09-01 09:35:17,169 INFO success: laravel-websockets entered RUNNING state, process has stayed up for > than 1 seconds (startsecs)
2021-09-01 09:35:17,170 INFO exited: laravel-websockets (exit status 1; not expected)
2021-09-01 09:35:18,177 INFO spawned: 'laravel-websockets' with pid 311
2021-09-01 09:35:20,057 INFO success: laravel-websockets entered RUNNING state, process has stayed up for > than 1 seconds (startsecs)
2021-09-01 09:35:20,058 INFO exited: laravel-websockets (exit status 1; not expected)
2021-09-01 09:35:21,062 INFO spawned: 'laravel-websockets' with pid 318
2021-09-01 09:35:22,896 INFO success: laravel-websockets entered RUNNING state, process has stayed up for > than 1 seconds (startsecs)
2021-09-01 09:35:22,898 INFO exited: laravel-websockets (exit status 1; not expected)
2021-09-01 09:35:23,902 INFO spawned: 'laravel-websockets' with pid 325
2021-09-01 09:35:25,619 INFO success: laravel-websockets entered RUNNING state, process has stayed up for > than 1 seconds (startsecs)
2021-09-01 09:35:25,621 INFO exited: laravel-websockets (exit status 1; not expected)
2021-09-01 09:35:26,626 INFO spawned: 'laravel-websockets' with pid 332
2021-09-01 09:35:28,339 INFO success: laravel-websockets entered RUNNING state, process has stayed up for > than 1 seconds (startsecs)
2021-09-01 09:35:28,340 INFO exited: laravel-websockets (exit status 1; not expected)
2021-09-01 09:35:29,343 INFO spawned: 'laravel-websockets' with pid 339
2021-09-01 09:35:31,030 INFO success: laravel-websockets entered RUNNING state, process has stayed up for > than 1 seconds (startsecs)
2021-09-01 09:35:31,031 INFO exited: laravel-websockets (exit status 1; not expected)
2021-09-01 09:35:32,034 INFO spawned: 'laravel-websockets' with pid 346
2021-09-01 09:35:33,833 INFO success: laravel-websockets entered RUNNING state, process has stayed up for > than 1 seconds (startsecs)
2021-09-01 09:35:33,835 INFO exited: laravel-websockets (exit status 1; not expected)
2021-09-01 09:35:34,838 INFO spawned: 'laravel-websockets' with pid 353
2021-09-01 09:35:36,657 INFO success: laravel-websockets entered RUNNING state, process has stayed up for > than 1 seconds (startsecs)
2021-09-01 09:35:36,659 INFO exited: laravel-websockets (exit status 1; not expected)
2021-09-01 09:35:37,661 INFO spawned: 'laravel-websockets' with pid 360
2021-09-01 09:35:39,369 INFO success: laravel-websockets entered RUNNING state, process has stayed up for > than 1 seconds (startsecs)
2021-09-01 09:35:39,370 INFO exited: laravel-websockets (exit status 1; not expected)
2021-09-01 09:35:40,375 INFO spawned: 'laravel-websockets' with pid 367
2021-09-01 09:35:42,229 INFO success: laravel-websockets entered RUNNING state, process has stayed up for > than 1 seconds (startsecs)
2021-09-01 09:35:42,233 INFO exited: laravel-websockets (exit status 1; not expected)
2021-09-01 09:35:43,239 INFO spawned: 'laravel-websockets' with pid 374
2021-09-01 09:35:44,997 INFO success: laravel-websockets entered RUNNING state, process has stayed up for > than 1 seconds (startsecs)
2021-09-01 09:35:44,998 INFO exited: laravel-websockets (exit status 1; not expected)
2021-09-01 09:35:46,001 INFO spawned: 'laravel-websockets' with pid 381
2021-09-01 09:35:47,737 INFO success: laravel-websockets entered RUNNING state, process has stayed up for > than 1 seconds (startsecs)
2021-09-01 09:35:47,738 INFO exited: laravel-websockets (exit status 1; not expected)
2021-09-01 09:35:48,741 INFO spawned: 'laravel-websockets' with pid 388
2021-09-01 09:35:50,572 INFO success: laravel-websockets entered RUNNING state, process has stayed up for > than 1 seconds (startsecs)
2021-09-01 09:35:50,573 INFO exited: laravel-websockets (exit status 1; not expected)
2021-09-01 09:35:51,583 INFO spawned: 'laravel-websockets' with pid 395
2021-09-01 09:35:53,440 INFO success: laravel-websockets entered RUNNING state, process has stayed up for > than 1 seconds (startsecs)
2021-09-01 09:35:53,442 INFO exited: laravel-websockets (exit status 1; not expected)
2021-09-01 09:35:54,446 INFO spawned: 'laravel-websockets' with pid 402
2021-09-01 09:35:55,451 INFO success: laravel-websockets entered RUNNING state, process has stayed up for > than 1 seconds (startsecs)
2021-09-01 09:35:56,532 INFO exited: laravel-websockets (exit status 1; not expected)
2021-09-01 09:35:57,539 INFO spawned: 'laravel-websockets' with pid 409
2021-09-01 09:35:59,296 INFO success: laravel-websockets entered RUNNING state, process has stayed up for > than 1 seconds (startsecs)
2021-09-01 09:35:59,298 INFO exited: laravel-websockets (exit status 1; not expected)
2021-09-01 09:36:00,305 INFO spawned: 'laravel-websockets' with pid 416
2021-09-01 09:36:02,164 INFO success: laravel-websockets entered RUNNING state, process has stayed up for > than 1 seconds (startsecs)
2021-09-01 09:36:02,165 INFO exited: laravel-websockets (exit status 1; not expected)
2021-09-01 09:36:03,170 INFO spawned: 'laravel-websockets' with pid 423
2021-09-01 09:36:04,200 INFO success: laravel-websockets entered RUNNING state, process has stayed up for > than 1 seconds (startsecs)
2021-09-01 09:36:05,497 INFO exited: laravel-websockets (exit status 1; not expected)
2021-09-01 09:36:06,505 INFO spawned: 'laravel-websockets' with pid 430
2021-09-01 09:36:08,383 INFO success: laravel-websockets entered RUNNING state, process has stayed up for > than 1 seconds (startsecs)
2021-09-01 09:36:08,384 INFO exited: laravel-websockets (exit status 1; not expected)
2021-09-01 09:36:09,389 INFO spawned: 'laravel-websockets' with pid 449
2021-09-01 09:36:10,392 INFO success: laravel-websockets entered RUNNING state, process has stayed up for > than 1 seconds (startsecs)
2021-09-01 09:36:11,497 INFO exited: laravel-websockets (exit status 1; not expected)
2021-09-01 09:36:12,500 INFO spawned: 'laravel-websockets' with pid 459
2021-09-01 09:36:14,405 INFO success: laravel-websockets entered RUNNING state, process has stayed up for > than 1 seconds (startsecs)
2021-09-01 09:36:14,406 INFO exited: laravel-websockets (exit status 1; not expected)
2021-09-01 09:36:15,408 INFO spawned: 'laravel-websockets' with pid 466
2021-09-01 09:36:17,135 INFO success: laravel-websockets entered RUNNING state, process has stayed up for > than 1 seconds (startsecs)
2021-09-01 09:36:17,138 INFO exited: laravel-websockets (exit status 1; not expected)
2021-09-01 09:36:18,147 INFO spawned: 'laravel-websockets' with pid 473
2021-09-01 09:36:19,910 INFO success: laravel-websockets entered RUNNING state, process has stayed up for > than 1 seconds (startsecs)
2021-09-01 09:36:19,914 INFO exited: laravel-websockets (exit status 1; not expected)
2021-09-01 09:36:20,925 INFO spawned: 'laravel-websockets' with pid 480
2021-09-01 09:36:22,660 INFO success: laravel-websockets entered RUNNING state, process has stayed up for > than 1 seconds (startsecs)
2021-09-01 09:36:22,663 INFO exited: laravel-websockets (exit status 1; not expected)
2021-09-01 09:36:23,675 INFO spawned: 'laravel-websockets' with pid 487
2021-09-01 09:36:25,456 INFO success: laravel-websockets entered RUNNING state, process has stayed up for > than 1 seconds (startsecs)
2021-09-01 09:36:25,459 INFO exited: laravel-websockets (exit status 1; not expected)
2021-09-01 09:36:26,468 INFO spawned: 'laravel-websockets' with pid 494
2021-09-01 09:36:28,227 INFO success: laravel-websockets entered RUNNING state, process has stayed up for > than 1 seconds (startsecs)
2021-09-01 09:36:28,232 INFO exited: laravel-websockets (exit status 1; not expected)
2021-09-01 09:36:29,242 INFO spawned: 'laravel-websockets' with pid 501
2021-09-01 09:36:30,953 INFO success: laravel-websockets entered RUNNING state, process has stayed up for > than 1 seconds (startsecs)
2021-09-01 09:36:30,957 INFO exited: laravel-websockets (exit status 1; not expected)
2021-09-01 09:36:31,962 INFO spawned: 'laravel-websockets' with pid 508
2021-09-01 09:36:33,619 INFO success: laravel-websockets entered RUNNING state, process has stayed up for > than 1 seconds (startsecs)
2021-09-01 09:36:33,627 INFO exited: laravel-websockets (exit status 1; not expected)
2021-09-01 09:36:34,632 INFO spawned: 'laravel-websockets' with pid 515
2021-09-01 09:36:36,449 INFO success: laravel-websockets entered RUNNING state, process has stayed up for > than 1 seconds (startsecs)
2021-09-01 09:36:36,452 INFO exited: laravel-websockets (exit status 1; not expected)
2021-09-01 09:36:37,457 INFO spawned: 'laravel-websockets' with pid 536
2021-09-01 09:36:39,361 INFO success: laravel-websockets entered RUNNING state, process has stayed up for > than 1 seconds (startsecs)
2021-09-01 09:36:39,362 INFO exited: laravel-websockets (exit status 1; not expected)
2021-09-01 09:36:40,365 INFO spawned: 'laravel-websockets' with pid 543
2021-09-01 09:36:42,077 INFO success: laravel-websockets entered RUNNING state, process has stayed up for > than 1 seconds (startsecs)
2021-09-01 09:36:42,080 INFO exited: laravel-websockets (exit status 1; not expected)
2021-09-01 09:36:43,087 INFO spawned: 'laravel-websockets' with pid 550
2021-09-01 09:36:44,823 INFO success: laravel-websockets entered RUNNING state, process has stayed up for > than 1 seconds (startsecs)
2021-09-01 09:36:44,825 INFO exited: laravel-websockets (exit status 1; not expected)
2021-09-01 09:36:45,833 INFO spawned: 'laravel-websockets' with pid 557
2021-09-01 09:36:47,562 INFO success: laravel-websockets entered RUNNING state, process has stayed up for > than 1 seconds (startsecs)
2021-09-01 09:36:47,566 INFO exited: laravel-websockets (exit status 1; not expected)
2021-09-01 09:36:48,573 INFO spawned: 'laravel-websockets' with pid 564
2021-09-01 09:36:50,272 INFO success: laravel-websockets entered RUNNING state, process has stayed up for > than 1 seconds (startsecs)
2021-09-01 09:36:50,275 INFO exited: laravel-websockets (exit status 1; not expected)
2021-09-01 09:36:51,283 INFO spawned: 'laravel-websockets' with pid 571
2021-09-01 09:36:52,959 INFO success: laravel-websockets entered RUNNING state, process has stayed up for > than 1 seconds (startsecs)
2021-09-01 09:36:52,961 INFO exited: laravel-websockets (exit status 1; not expected)
2021-09-01 09:36:53,971 INFO spawned: 'laravel-websockets' with pid 578
2021-09-01 09:36:55,659 INFO success: laravel-websockets entered RUNNING state, process has stayed up for > than 1 seconds (startsecs)
2021-09-01 09:36:55,662 INFO exited: laravel-websockets (exit status 1; not expected)
2021-09-01 09:36:56,668 INFO spawned: 'laravel-websockets' with pid 585
2021-09-01 09:36:57,673 INFO success: laravel-websockets entered RUNNING state, process has stayed up for > than 1 seconds (startsecs)
2021-09-01 09:36:59,283 INFO exited: laravel-websockets (exit status 1; not expected)
2021-09-01 09:37:00,297 INFO spawned: 'laravel-websockets' with pid 592
2021-09-01 09:37:02,006 INFO success: laravel-websockets entered RUNNING state, process has stayed up for > than 1 seconds (startsecs)
2021-09-01 09:37:02,008 INFO exited: laravel-websockets (exit status 1; not expected)
2021-09-01 09:37:03,017 INFO spawned: 'laravel-websockets' with pid 599
2021-09-01 09:37:04,897 INFO success: laravel-websockets entered RUNNING state, process has stayed up for > than 1 seconds (startsecs)
2021-09-01 09:37:04,899 INFO exited: laravel-websockets (exit status 1; not expected)
2021-09-01 09:37:05,909 INFO spawned: 'laravel-websockets' with pid 606
2021-09-01 09:37:07,660 INFO success: laravel-websockets entered RUNNING state, process has stayed up for > than 1 seconds (startsecs)
2021-09-01 09:37:07,664 INFO exited: laravel-websockets (exit status 1; not expected)
2021-09-01 09:37:08,678 INFO spawned: 'laravel-websockets' with pid 613
2021-09-01 09:37:10,434 INFO success: laravel-websockets entered RUNNING state, process has stayed up for > than 1 seconds (startsecs)
2021-09-01 09:37:10,439 INFO exited: laravel-websockets (exit status 1; not expected)
2021-09-01 09:37:11,453 INFO spawned: 'laravel-websockets' with pid 620
2021-09-01 09:37:13,172 INFO success: laravel-websockets entered RUNNING state, process has stayed up for > than 1 seconds (startsecs)
2021-09-01 09:37:13,175 INFO exited: laravel-websockets (exit status 1; not expected)
2021-09-01 09:37:14,184 INFO spawned: 'laravel-websockets' with pid 627
2021-09-01 09:37:15,885 INFO success: laravel-websockets entered RUNNING state, process has stayed up for > than 1 seconds (startsecs)
2021-09-01 09:37:15,890 INFO exited: laravel-websockets (exit status 1; not expected)
2021-09-01 09:37:16,898 INFO spawned: 'laravel-websockets' with pid 634
2021-09-01 09:37:18,736 INFO success: laravel-websockets entered RUNNING state, process has stayed up for > than 1 seconds (startsecs)
2021-09-01 09:37:18,740 INFO exited: laravel-websockets (exit status 1; not expected)
2021-09-01 09:37:19,746 INFO spawned: 'laravel-websockets' with pid 641
2021-09-01 09:37:21,687 INFO success: laravel-websockets entered RUNNING state, process has stayed up for > than 1 seconds (startsecs)
2021-09-01 09:37:21,691 INFO exited: laravel-websockets (exit status 1; not expected)
2021-09-01 09:37:22,700 INFO spawned: 'laravel-websockets' with pid 648
2021-09-01 09:37:24,388 INFO success: laravel-websockets entered RUNNING state, process has stayed up for > than 1 seconds (startsecs)
2021-09-01 09:37:24,391 INFO exited: laravel-websockets (exit status 1; not expected)
2021-09-01 09:37:25,395 INFO spawned: 'laravel-websockets' with pid 662
2021-09-01 09:37:27,100 INFO success: laravel-websockets entered RUNNING state, process has stayed up for > than 1 seconds (startsecs)
2021-09-01 09:37:27,103 INFO exited: laravel-websockets (exit status 1; not expected)
2021-09-01 09:37:28,109 INFO spawned: 'laravel-websockets' with pid 669
2021-09-01 09:37:29,114 INFO success: laravel-websockets entered RUNNING state, process has stayed up for > than 1 seconds (startsecs)
2021-09-01 09:37:30,120 INFO exited: laravel-websockets (exit status 1; not expected)
2021-09-01 09:37:31,128 INFO spawned: 'laravel-websockets' with pid 683
2021-09-01 09:37:32,142 INFO success: laravel-websockets entered RUNNING state, process has stayed up for > than 1 seconds (startsecs)
2021-09-01 09:37:33,155 INFO exited: laravel-websockets (exit status 1; not expected)
2021-09-01 09:37:34,166 INFO spawned: 'laravel-websockets' with pid 693
2021-09-01 09:37:35,958 INFO success: laravel-websockets entered RUNNING state, process has stayed up for > than 1 seconds (startsecs)
2021-09-01 09:37:35,960 INFO exited: laravel-websockets (exit status 1; not expected)
2021-09-01 09:37:36,969 INFO spawned: 'laravel-websockets' with pid 700
2021-09-01 09:37:38,745 INFO success: laravel-websockets entered RUNNING state, process has stayed up for > than 1 seconds (startsecs)
2021-09-01 09:37:38,748 INFO exited: laravel-websockets (exit status 1; not expected)
2021-09-01 09:37:39,758 INFO spawned: 'laravel-websockets' with pid 707
2021-09-01 09:37:41,508 INFO success: laravel-websockets entered RUNNING state, process has stayed up for > than 1 seconds (startsecs)
2021-09-01 09:37:41,510 INFO exited: laravel-websockets (exit status 1; not expected)
2021-09-01 09:37:42,517 INFO spawned: 'laravel-websockets' with pid 714
2021-09-01 09:37:44,188 INFO success: laravel-websockets entered RUNNING state, process has stayed up for > than 1 seconds (startsecs)
2021-09-01 09:37:44,190 INFO exited: laravel-websockets (exit status 1; not expected)
2021-09-01 09:37:45,202 INFO spawned: 'laravel-websockets' with pid 721
2021-09-01 09:37:46,993 INFO success: laravel-websockets entered RUNNING state, process has stayed up for > than 1 seconds (startsecs)
2021-09-01 09:37:46,996 INFO exited: laravel-websockets (exit status 1; not expected)
2021-09-01 09:37:48,009 INFO spawned: 'laravel-websockets' with pid 728
2021-09-01 09:37:49,773 INFO success: laravel-websockets entered RUNNING state, process has stayed up for > than 1 seconds (startsecs)
2021-09-01 09:37:49,776 INFO exited: laravel-websockets (exit status 1; not expected)
2021-09-01 09:37:50,783 INFO spawned: 'laravel-websockets' with pid 735
2021-09-01 09:37:52,508 INFO success: laravel-websockets entered RUNNING state, process has stayed up for > than 1 seconds (startsecs)
2021-09-01 09:37:52,512 INFO exited: laravel-websockets (exit status 1; not expected)
2021-09-01 09:37:53,524 INFO spawned: 'laravel-websockets' with pid 742
2021-09-01 09:37:55,291 INFO success: laravel-websockets entered RUNNING state, process has stayed up for > than 1 seconds (startsecs)
2021-09-01 09:37:55,293 INFO exited: laravel-websockets (exit status 1; not expected)
2021-09-01 09:37:56,300 INFO spawned: 'laravel-websockets' with pid 749
2021-09-01 09:37:58,001 INFO success: laravel-websockets entered RUNNING state, process has stayed up for > than 1 seconds (startsecs)
2021-09-01 09:37:58,005 INFO exited: laravel-websockets (exit status 1; not expected)
2021-09-01 09:37:59,014 INFO spawned: 'laravel-websockets' with pid 756
2021-09-01 09:38:00,698 INFO success: laravel-websockets entered RUNNING state, process has stayed up for > than 1 seconds (startsecs)
2021-09-01 09:38:00,705 INFO exited: laravel-websockets (exit status 1; not expected)
2021-09-01 09:38:01,711 INFO spawned: 'laravel-websockets' with pid 763
2021-09-01 09:38:03,404 INFO success: laravel-websockets entered RUNNING state, process has stayed up for > than 1 seconds (startsecs)
2021-09-01 09:38:03,407 INFO exited: laravel-websockets (exit status 1; not expected)
2021-09-01 09:38:04,416 INFO spawned: 'laravel-websockets' with pid 770
2021-09-01 09:38:06,168 INFO success: laravel-websockets entered RUNNING state, process has stayed up for > than 1 seconds (startsecs)
2021-09-01 09:38:06,171 INFO exited: laravel-websockets (exit status 1; not expected)
2021-09-01 09:38:07,180 INFO spawned: 'laravel-websockets' with pid 777
2021-09-01 09:38:08,876 INFO success: laravel-websockets entered RUNNING state, process has stayed up for > than 1 seconds (startsecs)
2021-09-01 09:38:08,879 INFO exited: laravel-websockets (exit status 1; not expected)
2021-09-01 09:38:09,886 INFO spawned: 'laravel-websockets' with pid 784
2021-09-01 09:38:11,572 INFO success: laravel-websockets entered RUNNING state, process has stayed up for > than 1 seconds (startsecs)
2021-09-01 09:38:11,576 INFO exited: laravel-websockets (exit status 1; not expected)
2021-09-01 09:38:12,584 INFO spawned: 'laravel-websockets' with pid 791
2021-09-01 09:38:14,365 INFO success: laravel-websockets entered RUNNING state, process has stayed up for > than 1 seconds (startsecs)
2021-09-01 09:38:14,368 INFO exited: laravel-websockets (exit status 1; not expected)
2021-09-01 09:38:15,375 INFO spawned: 'laravel-websockets' with pid 798
2021-09-01 09:38:17,213 INFO success: laravel-websockets entered RUNNING state, process has stayed up for > than 1 seconds (startsecs)
2021-09-01 09:38:17,217 INFO exited: laravel-websockets (exit status 1; not expected)
2021-09-01 09:38:18,223 INFO spawned: 'laravel-websockets' with pid 805
2021-09-01 09:38:20,137 INFO success: laravel-websockets entered RUNNING state, process has stayed up for > than 1 seconds (startsecs)
2021-09-01 09:38:20,138 INFO exited: laravel-websockets (exit status 1; not expected)
2021-09-01 09:38:21,143 INFO spawned: 'laravel-websockets' with pid 822
2021-09-01 09:38:22,844 INFO success: laravel-websockets entered RUNNING state, process has stayed up for > than 1 seconds (startsecs)
2021-09-01 09:38:22,846 INFO exited: laravel-websockets (exit status 1; not expected)
2021-09-01 09:38:23,853 INFO spawned: 'laravel-websockets' with pid 829
2021-09-01 09:38:25,611 INFO success: laravel-websockets entered RUNNING state, process has stayed up for > than 1 seconds (startsecs)
2021-09-01 09:38:25,623 INFO exited: laravel-websockets (exit status 1; not expected)
2021-09-01 09:38:26,630 INFO spawned: 'laravel-websockets' with pid 836
2021-09-01 09:38:28,390 INFO success: laravel-websockets entered RUNNING state, process has stayed up for > than 1 seconds (startsecs)
2021-09-01 09:38:28,393 INFO exited: laravel-websockets (exit status 1; not expected)
2021-09-01 09:38:29,404 INFO spawned: 'laravel-websockets' with pid 843
2021-09-01 09:38:31,175 INFO success: laravel-websockets entered RUNNING state, process has stayed up for > than 1 seconds (startsecs)
2021-09-01 09:38:31,177 INFO exited: laravel-websockets (exit status 1; not expected)
2021-09-01 09:38:32,183 INFO spawned: 'laravel-websockets' with pid 850
2021-09-01 09:38:33,190 INFO success: laravel-websockets entered RUNNING state, process has stayed up for > than 1 seconds (startsecs)
2021-09-01 09:38:34,306 INFO exited: laravel-websockets (exit status 1; not expected)
2021-09-01 09:38:35,310 INFO spawned: 'laravel-websockets' with pid 870
2021-09-01 09:38:37,129 INFO success: laravel-websockets entered RUNNING state, process has stayed up for > than 1 seconds (startsecs)
2021-09-01 09:38:37,130 INFO exited: laravel-websockets (exit status 1; not expected)
2021-09-01 09:38:38,141 INFO spawned: 'laravel-websockets' with pid 877
2021-09-01 09:38:39,836 INFO success: laravel-websockets entered RUNNING state, process has stayed up for > than 1 seconds (startsecs)
2021-09-01 09:38:39,837 INFO exited: laravel-websockets (exit status 1; not expected)
2021-09-01 09:38:40,842 INFO spawned: 'laravel-websockets' with pid 884
2021-09-01 09:38:42,533 INFO success: laravel-websockets entered RUNNING state, process has stayed up for > than 1 seconds (startsecs)
2021-09-01 09:38:42,537 INFO exited: laravel-websockets (exit status 1; not expected)
2021-09-01 09:38:43,543 INFO spawned: 'laravel-websockets' with pid 891
2021-09-01 09:38:45,503 INFO success: laravel-websockets entered RUNNING state, process has stayed up for > than 1 seconds (startsecs)
2021-09-01 09:38:45,504 INFO exited: laravel-websockets (exit status 1; not expected)
2021-09-01 09:38:46,507 INFO spawned: 'laravel-websockets' with pid 916
2021-09-01 09:38:48,331 INFO success: laravel-websockets entered RUNNING state, process has stayed up for > than 1 seconds (startsecs)
2021-09-01 09:38:48,333 INFO exited: laravel-websockets (exit status 1; not expected)
2021-09-01 09:38:49,336 INFO spawned: 'laravel-websockets' with pid 923
2021-09-01 09:38:51,052 INFO success: laravel-websockets entered RUNNING state, process has stayed up for > than 1 seconds (startsecs)
2021-09-01 09:38:51,053 INFO exited: laravel-websockets (exit status 1; not expected)
2021-09-01 09:38:52,057 INFO spawned: 'laravel-websockets' with pid 930
2021-09-01 09:38:53,778 INFO success: laravel-websockets entered RUNNING state, process has stayed up for > than 1 seconds (startsecs)
2021-09-01 09:38:53,781 INFO exited: laravel-websockets (exit status 1; not expected)
2021-09-01 09:38:54,786 INFO spawned: 'laravel-websockets' with pid 937
2021-09-01 09:38:56,535 INFO success: laravel-websockets entered RUNNING state, process has stayed up for > than 1 seconds (startsecs)
2021-09-01 09:38:56,536 INFO exited: laravel-websockets (exit status 1; not expected)
2021-09-01 09:38:57,539 INFO spawned: 'laravel-websockets' with pid 944
2021-09-01 09:38:59,374 INFO success: laravel-websockets entered RUNNING state, process has stayed up for > than 1 seconds (startsecs)
2021-09-01 09:38:59,377 INFO exited: laravel-websockets (exit status 1; not expected)
2021-09-01 09:39:00,387 INFO spawned: 'laravel-websockets' with pid 951
2021-09-01 09:39:02,134 INFO success: laravel-websockets entered RUNNING state, process has stayed up for > than 1 seconds (startsecs)
2021-09-01 09:39:02,135 INFO exited: laravel-websockets (exit status 1; not expected)
2021-09-01 09:39:03,137 INFO spawned: 'laravel-websockets' with pid 958
2021-09-01 09:39:04,880 INFO success: laravel-websockets entered RUNNING state, process has stayed up for > than 1 seconds (startsecs)
2021-09-01 09:39:04,884 INFO exited: laravel-websockets (exit status 1; not expected)
2021-09-01 09:39:05,890 INFO spawned: 'laravel-websockets' with pid 965
2021-09-01 09:39:07,578 INFO success: laravel-websockets entered RUNNING state, process has stayed up for > than 1 seconds (startsecs)
2021-09-01 09:39:07,581 INFO exited: laravel-websockets (exit status 1; not expected)
2021-09-01 09:39:08,586 INFO spawned: 'laravel-websockets' with pid 972
2021-09-01 09:39:10,273 INFO success: laravel-websockets entered RUNNING state, process has stayed up for > than 1 seconds (startsecs)
2021-09-01 09:39:10,275 INFO exited: laravel-websockets (exit status 1; not expected)
2021-09-01 09:39:11,278 INFO spawned: 'laravel-websockets' with pid 979
2021-09-01 09:39:12,997 INFO success: laravel-websockets entered RUNNING state, process has stayed up for > than 1 seconds (startsecs)
2021-09-01 09:39:12,999 INFO exited: laravel-websockets (exit status 1; not expected)
2021-09-01 09:39:14,003 INFO spawned: 'laravel-websockets' with pid 986
2021-09-01 09:39:15,843 INFO success: laravel-websockets entered RUNNING state, process has stayed up for > than 1 seconds (startsecs)
2021-09-01 09:39:15,845 INFO exited: laravel-websockets (exit status 1; not expected)
2021-09-01 09:39:16,848 INFO spawned: 'laravel-websockets' with pid 993
2021-09-01 09:39:18,643 INFO success: laravel-websockets entered RUNNING state, process has stayed up for > than 1 seconds (startsecs)
2021-09-01 09:39:18,645 INFO exited: laravel-websockets (exit status 1; not expected)
2021-09-01 09:39:19,649 INFO spawned: 'laravel-websockets' with pid 1000
2021-09-01 09:39:21,556 INFO success: laravel-websockets entered RUNNING state, process has stayed up for > than 1 seconds (startsecs)
2021-09-01 09:39:21,557 INFO exited: laravel-websockets (exit status 1; not expected)
2021-09-01 09:39:22,561 INFO spawned: 'laravel-websockets' with pid 1007
2021-09-01 09:39:24,283 INFO success: laravel-websockets entered RUNNING state, process has stayed up for > than 1 seconds (startsecs)
2021-09-01 09:39:24,285 INFO exited: laravel-websockets (exit status 1; not expected)
2021-09-01 09:39:25,289 INFO spawned: 'laravel-websockets' with pid 1014
2021-09-01 09:39:27,064 INFO success: laravel-websockets entered RUNNING state, process has stayed up for > than 1 seconds (startsecs)
2021-09-01 09:39:27,065 INFO exited: laravel-websockets (exit status 1; not expected)
2021-09-01 09:39:28,069 INFO spawned: 'laravel-websockets' with pid 1021
2021-09-01 09:39:29,819 INFO success: laravel-websockets entered RUNNING state, process has stayed up for > than 1 seconds (startsecs)
2021-09-01 09:39:29,821 INFO exited: laravel-websockets (exit status 1; not expected)
2021-09-01 09:39:30,844 INFO spawned: 'laravel-websockets' with pid 1028
2021-09-01 09:39:32,584 INFO success: laravel-websockets entered RUNNING state, process has stayed up for > than 1 seconds (startsecs)
2021-09-01 09:39:32,586 INFO exited: laravel-websockets (exit status 1; not expected)
2021-09-01 09:39:33,591 INFO spawned: 'laravel-websockets' with pid 1035
2021-09-01 09:39:34,591 INFO success: laravel-websockets entered RUNNING state, process has stayed up for > than 1 seconds (startsecs)
2021-09-01 09:39:35,593 INFO exited: laravel-websockets (exit status 1; not expected)
2021-09-01 09:39:36,602 INFO spawned: 'laravel-websockets' with pid 1042
2021-09-01 09:39:37,607 INFO success: laravel-websockets entered RUNNING state, process has stayed up for > than 1 seconds (startsecs)
2021-09-01 09:39:38,926 INFO exited: laravel-websockets (exit status 1; not expected)
2021-09-01 09:39:39,936 INFO spawned: 'laravel-websockets' with pid 1049
2021-09-01 09:39:41,713 INFO success: laravel-websockets entered RUNNING state, process has stayed up for > than 1 seconds (startsecs)
2021-09-01 09:39:41,716 INFO exited: laravel-websockets (exit status 1; not expected)
2021-09-01 09:39:42,726 INFO spawned: 'laravel-websockets' with pid 1056
2021-09-01 09:39:44,545 INFO success: laravel-websockets entered RUNNING state, process has stayed up for > than 1 seconds (startsecs)
2021-09-01 09:39:44,548 INFO exited: laravel-websockets (exit status 1; not expected)
2021-09-01 09:39:45,559 INFO spawned: 'laravel-websockets' with pid 1063
2021-09-01 09:39:47,403 INFO success: laravel-websockets entered RUNNING state, process has stayed up for > than 1 seconds (startsecs)
2021-09-01 09:39:47,408 INFO exited: laravel-websockets (exit status 1; not expected)
2021-09-01 09:39:48,416 INFO spawned: 'laravel-websockets' with pid 1070
2021-09-01 09:39:50,159 INFO success: laravel-websockets entered RUNNING state, process has stayed up for > than 1 seconds (startsecs)
2021-09-01 09:39:50,162 INFO exited: laravel-websockets (exit status 1; not expected)
2021-09-01 09:39:51,169 INFO spawned: 'laravel-websockets' with pid 1077
2021-09-01 09:39:52,172 INFO success: laravel-websockets entered RUNNING state, process has stayed up for > than 1 seconds (startsecs)
2021-09-01 09:39:53,329 INFO exited: laravel-websockets (exit status 1; not expected)
2021-09-01 09:39:54,336 INFO spawned: 'laravel-websockets' with pid 1084
2021-09-01 09:39:56,109 INFO success: laravel-websockets entered RUNNING state, process has stayed up for > than 1 seconds (startsecs)
2021-09-01 09:39:56,112 INFO exited: laravel-websockets (exit status 1; not expected)
2021-09-01 09:39:57,119 INFO spawned: 'laravel-websockets' with pid 1091
2021-09-01 09:39:58,860 INFO success: laravel-websockets entered RUNNING state, process has stayed up for > than 1 seconds (startsecs)
2021-09-01 09:39:58,863 INFO exited: laravel-websockets (exit status 1; not expected)
2021-09-01 09:39:59,870 INFO spawned: 'laravel-websockets' with pid 1098
2021-09-01 09:40:01,627 INFO success: laravel-websockets entered RUNNING state, process has stayed up for > than 1 seconds (startsecs)
2021-09-01 09:40:01,630 INFO exited: laravel-websockets (exit status 1; not expected)
2021-09-01 09:40:02,636 INFO spawned: 'laravel-websockets' with pid 1105
2021-09-01 09:40:04,435 INFO success: laravel-websockets entered RUNNING state, process has stayed up for > than 1 seconds (startsecs)
2021-09-01 09:40:04,438 INFO exited: laravel-websockets (exit status 1; not expected)
2021-09-01 09:40:05,448 INFO spawned: 'laravel-websockets' with pid 1112
2021-09-01 09:40:07,147 INFO success: laravel-websockets entered RUNNING state, process has stayed up for > than 1 seconds (startsecs)
2021-09-01 09:40:07,150 INFO exited: laravel-websockets (exit status 1; not expected)
2021-09-01 09:40:08,158 INFO spawned: 'laravel-websockets' with pid 1119
2021-09-01 09:40:09,862 INFO success: laravel-websockets entered RUNNING state, process has stayed up for > than 1 seconds (startsecs)
2021-09-01 09:40:09,864 INFO exited: laravel-websockets (exit status 1; not expected)
2021-09-01 09:40:10,879 INFO spawned: 'laravel-websockets' with pid 1126
2021-09-01 09:40:12,584 INFO success: laravel-websockets entered RUNNING state, process has stayed up for > than 1 seconds (startsecs)
2021-09-01 09:40:12,588 INFO exited: laravel-websockets (exit status 1; not expected)
2021-09-01 09:40:13,596 INFO spawned: 'laravel-websockets' with pid 1133
2021-09-01 09:40:15,279 INFO success: laravel-websockets entered RUNNING state, process has stayed up for > than 1 seconds (startsecs)
2021-09-01 09:40:15,288 INFO exited: laravel-websockets (exit status 1; not expected)
2021-09-01 09:40:16,295 INFO spawned: 'laravel-websockets' with pid 1140
2021-09-01 09:40:17,983 INFO success: laravel-websockets entered RUNNING state, process has stayed up for > than 1 seconds (startsecs)
2021-09-01 09:40:17,987 INFO exited: laravel-websockets (exit status 1; not expected)
2021-09-01 09:40:18,993 INFO spawned: 'laravel-websockets' with pid 1147
2021-09-01 09:40:20,868 INFO success: laravel-websockets entered RUNNING state, process has stayed up for > than 1 seconds (startsecs)
2021-09-01 09:40:20,871 INFO exited: laravel-websockets (exit status 1; not expected)
2021-09-01 09:40:21,884 INFO spawned: 'laravel-websockets' with pid 1154
2021-09-01 09:40:23,634 INFO success: laravel-websockets entered RUNNING state, process has stayed up for > than 1 seconds (startsecs)
2021-09-01 09:40:23,639 INFO exited: laravel-websockets (exit status 1; not expected)
2021-09-01 09:40:24,648 INFO spawned: 'laravel-websockets' with pid 1161
2021-09-01 09:40:26,343 INFO success: laravel-websockets entered RUNNING state, process has stayed up for > than 1 seconds (startsecs)
2021-09-01 09:40:26,345 INFO exited: laravel-websockets (exit status 1; not expected)
2021-09-01 09:40:27,352 INFO spawned: 'laravel-websockets' with pid 1168
2021-09-01 09:40:29,101 INFO success: laravel-websockets entered RUNNING state, process has stayed up for > than 1 seconds (startsecs)
2021-09-01 09:40:29,105 INFO exited: laravel-websockets (exit status 1; not expected)
2021-09-01 09:40:30,116 INFO spawned: 'laravel-websockets' with pid 1175
2021-09-01 09:40:31,848 INFO success: laravel-websockets entered RUNNING state, process has stayed up for > than 1 seconds (startsecs)
2021-09-01 09:40:31,857 INFO exited: laravel-websockets (exit status 1; not expected)
2021-09-01 09:40:32,865 INFO spawned: 'laravel-websockets' with pid 1182
2021-09-01 09:40:34,556 INFO success: laravel-websockets entered RUNNING state, process has stayed up for > than 1 seconds (startsecs)
2021-09-01 09:40:34,559 INFO exited: laravel-websockets (exit status 1; not expected)
2021-09-01 09:40:35,567 INFO spawned: 'laravel-websockets' with pid 1189
2021-09-01 09:40:37,331 INFO success: laravel-websockets entered RUNNING state, process has stayed up for > than 1 seconds (startsecs)
2021-09-01 09:40:37,335 INFO exited: laravel-websockets (exit status 1; not expected)
2021-09-01 09:40:38,343 INFO spawned: 'laravel-websockets' with pid 1196
2021-09-01 09:40:40,179 INFO success: laravel-websockets entered RUNNING state, process has stayed up for > than 1 seconds (startsecs)
2021-09-01 09:40:40,181 INFO exited: laravel-websockets (exit status 1; not expected)
2021-09-01 09:40:41,191 INFO spawned: 'laravel-websockets' with pid 1203
2021-09-01 09:40:42,194 INFO success: laravel-websockets entered RUNNING state, process has stayed up for > than 1 seconds (startsecs)
2021-09-01 09:40:43,720 INFO exited: laravel-websockets (exit status 1; not expected)
2021-09-01 09:40:44,729 INFO spawned: 'laravel-websockets' with pid 1210
